<?xml version="1.0" encoding="UTF-8"?>
<!-- Generated by org.testng.reporters.JUnitReportReporter -->
<testsuite hostname="Renuga" failures="0" tests="1" name="com.Automation.firstTest" time="14.571" errors="0" timestamp="2024-01-17T20:40:24 PST" skipped="0">
  <testcase classname="com.Automation.firstTest" name="setup" time="14.571"/>
  <system-out/>
</testsuite> <!-- com.Automation.firstTest -->
