<?xml version="1.0" encoding="UTF-8"?>
<!-- Generated by org.testng.reporters.JUnitReportReporter -->
<testsuite hostname="Renuga" failures="0" tests="1" name="com.Automation.webStaurantSearch" time="24.094" errors="0" timestamp="2024-01-20T14:17:18 PST" skipped="0">
  <testcase classname="com.Automation.webStaurantSearch" name="search" time="24.094"/>
  <system-out/>
</testsuite> <!-- com.Automation.webStaurantSearch -->
